This file contains any messages produced by compilers while
running configure, to aid debugging if configure makes a mistake.

It was created by pypoker-eval configure 138.0, which was
generated by GNU Autoconf 2.69.  Invocation command line was

  $ ./configure 

## --------- ##
## Platform. ##
## --------- ##

hostname = yijin.local
uname -m = x86_64
uname -r = 17.7.0
uname -s = Darwin
uname -v = Darwin Kernel Version 17.7.0: Sun Jun  2 20:31:42 PDT 2019; root:xnu-4570.71.46~1/RELEASE_X86_64

/usr/bin/uname -p = i386
/bin/uname -X     = unknown

/bin/arch              = unknown
/usr/bin/arch -k       = unknown
/usr/convex/getsysinfo = unknown
/usr/bin/hostinfo      = Mach kernel version:
	 Darwin Kernel Version 17.7.0: Sun Jun  2 20:31:42 PDT 2019; root:xnu-4570.71.46~1/RELEASE_X86_64
Kernel configured for up to 4 processors.
2 processors are physically available.
4 processors are logically available.
Processor type: x86_64h (Intel x86-64h Haswell)
Processors active: 0 1 2 3
Primary memory available: 4.00 gigabytes
Default processor set: 285 tasks, 1101 threads, 4 processors
Load average: 2.93, Mach factor: 1.11
/bin/machine           = unknown
/usr/bin/oslevel       = unknown
/bin/universe          = unknown

PATH: /Users/jinyi/anaconda3/envs/poker/bin
PATH: /Users/jinyi/anaconda3/condabin
PATH: /Users/jinyi/Desktop/DeepStack-Leduc/ACPCServer
PATH: /Users/jinyi/Desktop/holdem
PATH: /Users/jinyi/Desktop/c-language
PATH: /Users/jinyi/Desktop/pokerstove/build/bin
PATH: /Users/jinyi/Desktop/preflop
PATH: /opt/local/bin
PATH: /opt/local/sbin
PATH: /Users/jinyi/anaconda3/bin
PATH: /usr/local/share/npm/bin
PATH: /usr/local/bin
PATH: /usr/bin
PATH: /bin
PATH: /usr/sbin
PATH: /sbin
PATH: /Library/TeX/texbin
PATH: /Users/jinyi/Desktop/preflop
PATH: /Users/jinyi/Desktop/pokerstove/build/bin
PATH: /Users/jinyi/Desktop/DeepStack-Leduc/ACPCServer
PATH: /Users/jinyi/.local/bin
PATH: /Users/jinyi/Desktop/machine_learning/libsvm-3.23/libsvm-3.23
PATH: /usr/local/lib
PATH: /Users/jinyi/Desktop/CFR_plus/pbots_calc/python
PATH: /Users/jinyi/Desktop/poker-eval-138.0
PATH: /Users/jinyi/Desktop/poker-eval-138.0/examples


## ----------- ##
## Core tests. ##
## ----------- ##

configure:2580: checking build system type
configure:2594: result: x86_64-apple-darwin17.7.0
configure:2614: checking host system type
configure:2627: result: x86_64-apple-darwin17.7.0
configure:2647: checking target system type
configure:2660: result: x86_64-apple-darwin17.7.0
configure:2702: checking for a BSD-compatible install
configure:2770: result: /usr/bin/install -c
configure:2781: checking whether build environment is sane
configure:2836: result: yes
configure:2874: WARNING: 'missing' script is too old or missing
configure:2987: checking for a thread-safe mkdir -p
configure:3026: result: config/install-sh -c -d
configure:3033: checking for gawk
configure:3063: result: no
configure:3033: checking for mawk
configure:3063: result: no
configure:3033: checking for nawk
configure:3063: result: no
configure:3033: checking for awk
configure:3049: found /usr/bin/awk
configure:3060: result: awk
configure:3071: checking whether make sets $(MAKE)
configure:3093: result: yes
configure:3122: checking whether make supports nested variables
configure:3139: result: yes
configure:3268: checking whether make sets $(MAKE)
configure:3290: result: yes
configure:3303: checking whether make supports the include directive
configure:3318: make -f confmf.GNU && cat confinc.out
this is the am__doit target
configure:3321: $? = 0
configure:3340: result: yes (GNU style)
configure:3410: checking for gcc
configure:3426: found /usr/bin/gcc
configure:3437: result: gcc
configure:3666: checking for C compiler version
configure:3675: gcc --version >&5
Apple LLVM version 8.0.0 (clang-800.0.42.1)
Target: x86_64-apple-darwin17.7.0
Thread model: posix
InstalledDir: /Library/Developer/CommandLineTools/usr/bin
Configured with: --prefix=/Library/Developer/CommandLineTools/usr --with-gxx-include-dir=/usr/include/c++/4.2.1
configure:3686: $? = 0
configure:3675: gcc -v >&5
Configured with: --prefix=/Library/Developer/CommandLineTools/usr --with-gxx-include-dir=/usr/include/c++/4.2.1
Apple LLVM version 8.0.0 (clang-800.0.42.1)
Target: x86_64-apple-darwin17.7.0
Thread model: posix
InstalledDir: /Library/Developer/CommandLineTools/usr/bin
configure:3686: $? = 0
configure:3675: gcc -V >&5
clang: error: argument to '-V' is missing (expected 1 value)
clang: error: no input files
configure:3686: $? = 1
configure:3675: gcc -qversion >&5
clang: error: unknown argument: '-qversion'
clang: error: no input files
configure:3686: $? = 1
configure:3706: checking whether the C compiler works
configure:3728: gcc    conftest.c  >&5
configure:3732: $? = 0
configure:3780: result: yes
configure:3783: checking for C compiler default output file name
configure:3785: result: a.out
configure:3791: checking for suffix of executables
configure:3798: gcc -o conftest    conftest.c  >&5
configure:3802: $? = 0
configure:3824: result: 
configure:3846: checking whether we are cross compiling
configure:3854: gcc -o conftest    conftest.c  >&5
configure:3858: $? = 0
configure:3865: ./conftest
configure:3869: $? = 0
configure:3884: result: no
configure:3889: checking for suffix of object files
configure:3911: gcc -c   conftest.c >&5
configure:3915: $? = 0
configure:3936: result: o
configure:3940: checking whether we are using the GNU C compiler
configure:3959: gcc -c   conftest.c >&5
configure:3959: $? = 0
configure:3968: result: yes
configure:3977: checking whether gcc accepts -g
configure:3997: gcc -c -g  conftest.c >&5
configure:3997: $? = 0
configure:4038: result: yes
configure:4055: checking for gcc option to accept ISO C89
configure:4118: gcc  -c -g -O2  conftest.c >&5
configure:4118: $? = 0
configure:4131: result: none needed
configure:4156: checking whether gcc understands -c and -o together
configure:4178: gcc -c conftest.c -o conftest2.o
configure:4181: $? = 0
configure:4178: gcc -c conftest.c -o conftest2.o
configure:4181: $? = 0
configure:4193: result: yes
configure:4212: checking dependency style of gcc
configure:4323: result: gcc3
configure:4344: checking how to run the C preprocessor
configure:4375: gcc -E  conftest.c
configure:4375: $? = 0
configure:4389: gcc -E  conftest.c
conftest.c:11:10: fatal error: 'ac_nonexistent.h' file not found
#include <ac_nonexistent.h>
         ^
1 error generated.
configure:4389: $? = 1
configure: failed program was:
| /* confdefs.h */
| #define PACKAGE_NAME "pypoker-eval"
| #define PACKAGE_TARNAME "pypoker-eval"
| #define PACKAGE_VERSION "138.0"
| #define PACKAGE_STRING "pypoker-eval 138.0"
| #define PACKAGE_BUGREPORT ""
| #define PACKAGE_URL ""
| #define PACKAGE "pypoker-eval"
| #define VERSION "138.0"
| /* end confdefs.h.  */
| #include <ac_nonexistent.h>
configure:4414: result: gcc -E
configure:4434: gcc -E  conftest.c
configure:4434: $? = 0
configure:4448: gcc -E  conftest.c
conftest.c:11:10: fatal error: 'ac_nonexistent.h' file not found
#include <ac_nonexistent.h>
         ^
1 error generated.
configure:4448: $? = 1
configure: failed program was:
| /* confdefs.h */
| #define PACKAGE_NAME "pypoker-eval"
| #define PACKAGE_TARNAME "pypoker-eval"
| #define PACKAGE_VERSION "138.0"
| #define PACKAGE_STRING "pypoker-eval 138.0"
| #define PACKAGE_BUGREPORT ""
| #define PACKAGE_URL ""
| #define PACKAGE "pypoker-eval"
| #define VERSION "138.0"
| /* end confdefs.h.  */
| #include <ac_nonexistent.h>
configure:4477: checking for grep that handles long lines and -e
configure:4535: result: /usr/bin/grep
configure:4540: checking for egrep
configure:4602: result: /usr/bin/grep -E
configure:4607: checking for ANSI C header files
configure:4627: gcc -c -g -O2  conftest.c >&5
configure:4627: $? = 0
configure:4700: gcc -o conftest -g -O2   conftest.c  >&5
configure:4700: $? = 0
configure:4700: ./conftest
configure:4700: $? = 0
configure:4711: result: yes
configure:4724: checking for sys/types.h
configure:4724: gcc -c -g -O2  conftest.c >&5
configure:4724: $? = 0
configure:4724: result: yes
configure:4724: checking for sys/stat.h
configure:4724: gcc -c -g -O2  conftest.c >&5
configure:4724: $? = 0
configure:4724: result: yes
configure:4724: checking for stdlib.h
configure:4724: gcc -c -g -O2  conftest.c >&5
configure:4724: $? = 0
configure:4724: result: yes
configure:4724: checking for string.h
configure:4724: gcc -c -g -O2  conftest.c >&5
configure:4724: $? = 0
configure:4724: result: yes
configure:4724: checking for memory.h
configure:4724: gcc -c -g -O2  conftest.c >&5
configure:4724: $? = 0
configure:4724: result: yes
configure:4724: checking for strings.h
configure:4724: gcc -c -g -O2  conftest.c >&5
configure:4724: $? = 0
configure:4724: result: yes
configure:4724: checking for inttypes.h
configure:4724: gcc -c -g -O2  conftest.c >&5
configure:4724: $? = 0
configure:4724: result: yes
configure:4724: checking for stdint.h
configure:4724: gcc -c -g -O2  conftest.c >&5
configure:4724: $? = 0
configure:4724: result: yes
configure:4724: checking for unistd.h
configure:4724: gcc -c -g -O2  conftest.c >&5
configure:4724: $? = 0
configure:4724: result: yes
configure:4737: checking minix/config.h usability
configure:4737: gcc -c -g -O2  conftest.c >&5
conftest.c:54:10: fatal error: 'minix/config.h' file not found
#include <minix/config.h>
         ^
1 error generated.
configure:4737: $? = 1
configure: failed program was:
| /* confdefs.h */
| #define PACKAGE_NAME "pypoker-eval"
| #define PACKAGE_TARNAME "pypoker-eval"
| #define PACKAGE_VERSION "138.0"
| #define PACKAGE_STRING "pypoker-eval 138.0"
| #define PACKAGE_BUGREPORT ""
| #define PACKAGE_URL ""
| #define PACKAGE "pypoker-eval"
| #define VERSION "138.0"
| #define STDC_HEADERS 1
| #define HAVE_SYS_TYPES_H 1
| #define HAVE_SYS_STAT_H 1
| #define HAVE_STDLIB_H 1
| #define HAVE_STRING_H 1
| #define HAVE_MEMORY_H 1
| #define HAVE_STRINGS_H 1
| #define HAVE_INTTYPES_H 1
| #define HAVE_STDINT_H 1
| #define HAVE_UNISTD_H 1
| /* end confdefs.h.  */
| #include <stdio.h>
| #ifdef HAVE_SYS_TYPES_H
| # include <sys/types.h>
| #endif
| #ifdef HAVE_SYS_STAT_H
| # include <sys/stat.h>
| #endif
| #ifdef STDC_HEADERS
| # include <stdlib.h>
| # include <stddef.h>
| #else
| # ifdef HAVE_STDLIB_H
| #  include <stdlib.h>
| # endif
| #endif
| #ifdef HAVE_STRING_H
| # if !defined STDC_HEADERS && defined HAVE_MEMORY_H
| #  include <memory.h>
| # endif
| # include <string.h>
| #endif
| #ifdef HAVE_STRINGS_H
| # include <strings.h>
| #endif
| #ifdef HAVE_INTTYPES_H
| # include <inttypes.h>
| #endif
| #ifdef HAVE_STDINT_H
| # include <stdint.h>
| #endif
| #ifdef HAVE_UNISTD_H
| # include <unistd.h>
| #endif
| #include <minix/config.h>
configure:4737: result: no
configure:4737: checking minix/config.h presence
configure:4737: gcc -E  conftest.c
conftest.c:21:10: fatal error: 'minix/config.h' file not found
#include <minix/config.h>
         ^
1 error generated.
configure:4737: $? = 1
configure: failed program was:
| /* confdefs.h */
| #define PACKAGE_NAME "pypoker-eval"
| #define PACKAGE_TARNAME "pypoker-eval"
| #define PACKAGE_VERSION "138.0"
| #define PACKAGE_STRING "pypoker-eval 138.0"
| #define PACKAGE_BUGREPORT ""
| #define PACKAGE_URL ""
| #define PACKAGE "pypoker-eval"
| #define VERSION "138.0"
| #define STDC_HEADERS 1
| #define HAVE_SYS_TYPES_H 1
| #define HAVE_SYS_STAT_H 1
| #define HAVE_STDLIB_H 1
| #define HAVE_STRING_H 1
| #define HAVE_MEMORY_H 1
| #define HAVE_STRINGS_H 1
| #define HAVE_INTTYPES_H 1
| #define HAVE_STDINT_H 1
| #define HAVE_UNISTD_H 1
| /* end confdefs.h.  */
| #include <minix/config.h>
configure:4737: result: no
configure:4737: checking for minix/config.h
configure:4737: result: no
configure:4758: checking whether it is safe to define __EXTENSIONS__
configure:4776: gcc -c -g -O2  conftest.c >&5
configure:4776: $? = 0
configure:4783: result: yes
configure:4862: checking for g++
configure:4878: found /usr/bin/g++
configure:4889: result: g++
configure:4916: checking for C++ compiler version
configure:4925: g++ --version >&5
Apple LLVM version 8.0.0 (clang-800.0.42.1)
Target: x86_64-apple-darwin17.7.0
Thread model: posix
InstalledDir: /Library/Developer/CommandLineTools/usr/bin
Configured with: --prefix=/Library/Developer/CommandLineTools/usr --with-gxx-include-dir=/usr/include/c++/4.2.1
configure:4936: $? = 0
configure:4925: g++ -v >&5
Configured with: --prefix=/Library/Developer/CommandLineTools/usr --with-gxx-include-dir=/usr/include/c++/4.2.1
Apple LLVM version 8.0.0 (clang-800.0.42.1)
Target: x86_64-apple-darwin17.7.0
Thread model: posix
InstalledDir: /Library/Developer/CommandLineTools/usr/bin
configure:4936: $? = 0
configure:4925: g++ -V >&5
clang: error: argument to '-V' is missing (expected 1 value)
clang: error: no input files
configure:4936: $? = 1
configure:4925: g++ -qversion >&5
clang: error: unknown argument: '-qversion'
clang: error: no input files
configure:4936: $? = 1
configure:4940: checking whether we are using the GNU C++ compiler
configure:4959: g++ -c   conftest.cpp >&5
configure:4959: $? = 0
configure:4968: result: yes
configure:4977: checking whether g++ accepts -g
configure:4997: g++ -c -g  conftest.cpp >&5
configure:4997: $? = 0
configure:5038: result: yes
configure:5063: checking dependency style of g++
configure:5174: result: gcc3
configure:5214: checking for a sed that does not truncate output
configure:5278: result: /usr/bin/sed
configure:5296: checking for fgrep
configure:5358: result: /usr/bin/grep -F
configure:5393: checking for ld used by gcc
configure:5460: result: /Library/Developer/CommandLineTools/usr/bin/ld
configure:5467: checking if the linker (/Library/Developer/CommandLineTools/usr/bin/ld) is GNU ld
configure:5482: result: no
configure:5494: checking for BSD- or MS-compatible name lister (nm)
configure:5543: result: /usr/bin/nm -B
configure:5661: checking the name lister (/usr/bin/nm -B) interface
configure:5668: gcc -c -g -O2  conftest.c >&5
configure:5671: /usr/bin/nm -B "conftest.o"
configure:5674: output
00000000000001f8 S _some_variable
configure:5681: result: BSD nm
configure:5684: checking whether ln -s works
configure:5688: result: yes
configure:5696: checking the maximum length of command line arguments
configure:5816: result: 196608
configure:5833: checking whether the shell understands some XSI constructs
configure:5843: result: yes
configure:5847: checking whether the shell understands "+="
configure:5853: result: yes
configure:5888: checking for /Library/Developer/CommandLineTools/usr/bin/ld option to reload object files
configure:5895: result: -r
configure:5964: checking for objdump
configure:5980: found /usr/bin/objdump
configure:5991: result: objdump
configure:6023: checking how to recognize dependent libraries
configure:6219: result: pass_all
configure:6279: checking for ar
configure:6295: found /usr/bin/ar
configure:6306: result: ar
configure:6384: checking for strip
configure:6400: found /usr/bin/strip
configure:6411: result: strip
configure:6483: checking for ranlib
configure:6499: found /usr/bin/ranlib
configure:6510: result: ranlib
configure:6600: checking command to parse /usr/bin/nm -B output from gcc object
configure:6718: gcc -c -g -O2  conftest.c >&5
configure:6721: $? = 0
configure:6725: /usr/bin/nm -B conftest.o \| sed -n -e 's/^.*[	 ]\([BCDEGRST][BCDEGRST]*\)[	 ][	 ]*\([_A-Za-z][_A-Za-z0-9]*\)$/\1 \2 \2/p' \> conftest.nm
configure:6728: $? = 0
cannot find nm_test_var in conftest.nm
configure:6718: gcc -c -g -O2  conftest.c >&5
configure:6721: $? = 0
configure:6725: /usr/bin/nm -B conftest.o \| sed -n -e 's/^.*[	 ]\([BCDEGRST][BCDEGRST]*\)[	 ][	 ]*_\([_A-Za-z][_A-Za-z0-9]*\)$/\1 _\2 \2/p' \> conftest.nm
configure:6728: $? = 0
configure:6782: gcc -o conftest -g -O2   conftest.c conftstm.o >&5
warning: (x86_64)  could not find object file symbol for symbol _main
configure:6785: $? = 0
configure:6823: result: ok
configure:7087: checking for dsymutil
configure:7103: found /usr/bin/dsymutil
configure:7114: result: dsymutil
configure:7179: checking for nmedit
configure:7195: found /usr/bin/nmedit
configure:7206: result: nmedit
configure:7271: checking for lipo
configure:7287: found /usr/bin/lipo
configure:7298: result: lipo
configure:7363: checking for otool
configure:7379: found /usr/bin/otool
configure:7390: result: otool
configure:7455: checking for otool64
configure:7485: result: no
configure:7530: checking for -single_module linker flag
gcc -g -O2  -o libconftest.dylib -dynamiclib -Wl,-single_module conftest.c
configure:7557: result: yes
configure:7559: checking for -exported_symbols_list linker flag
configure:7579: gcc -o conftest -g -O2   -Wl,-exported_symbols_list,conftest.sym conftest.c  >&5
configure:7579: $? = 0
configure:7589: result: yes
configure:7628: checking for dlfcn.h
configure:7628: gcc -c -g -O2  conftest.c >&5
configure:7628: $? = 0
configure:7628: result: yes
configure:7753: checking for C++ compiler version
configure:7762: g++ --version >&5
Apple LLVM version 8.0.0 (clang-800.0.42.1)
Target: x86_64-apple-darwin17.7.0
Thread model: posix
InstalledDir: /Library/Developer/CommandLineTools/usr/bin
Configured with: --prefix=/Library/Developer/CommandLineTools/usr --with-gxx-include-dir=/usr/include/c++/4.2.1
configure:7773: $? = 0
configure:7762: g++ -v >&5
Configured with: --prefix=/Library/Developer/CommandLineTools/usr --with-gxx-include-dir=/usr/include/c++/4.2.1
Apple LLVM version 8.0.0 (clang-800.0.42.1)
Target: x86_64-apple-darwin17.7.0
Thread model: posix
InstalledDir: /Library/Developer/CommandLineTools/usr/bin
configure:7773: $? = 0
configure:7762: g++ -V >&5
clang: error: argument to '-V' is missing (expected 1 value)
clang: error: no input files
configure:7773: $? = 1
configure:7762: g++ -qversion >&5
clang: error: unknown argument: '-qversion'
clang: error: no input files
configure:7773: $? = 1
configure:7777: checking whether we are using the GNU C++ compiler
configure:7805: result: yes
configure:7814: checking whether g++ accepts -g
configure:7875: result: yes
configure:7900: checking dependency style of g++
configure:8011: result: gcc3
configure:8034: checking how to run the C++ preprocessor
configure:8061: g++ -E  conftest.cpp
configure:8061: $? = 0
configure:8075: g++ -E  conftest.cpp
conftest.cpp:27:10: fatal error: 'ac_nonexistent.h' file not found
#include <ac_nonexistent.h>
         ^
1 error generated.
configure:8075: $? = 1
configure: failed program was:
| /* confdefs.h */
| #define PACKAGE_NAME "pypoker-eval"
| #define PACKAGE_TARNAME "pypoker-eval"
| #define PACKAGE_VERSION "138.0"
| #define PACKAGE_STRING "pypoker-eval 138.0"
| #define PACKAGE_BUGREPORT ""
| #define PACKAGE_URL ""
| #define PACKAGE "pypoker-eval"
| #define VERSION "138.0"
| #define STDC_HEADERS 1
| #define HAVE_SYS_TYPES_H 1
| #define HAVE_SYS_STAT_H 1
| #define HAVE_STDLIB_H 1
| #define HAVE_STRING_H 1
| #define HAVE_MEMORY_H 1
| #define HAVE_STRINGS_H 1
| #define HAVE_INTTYPES_H 1
| #define HAVE_STDINT_H 1
| #define HAVE_UNISTD_H 1
| #define __EXTENSIONS__ 1
| #define _ALL_SOURCE 1
| #define _GNU_SOURCE 1
| #define _POSIX_PTHREAD_SEMANTICS 1
| #define _TANDEM_SOURCE 1
| #define HAVE_DLFCN_H 1
| /* end confdefs.h.  */
| #include <ac_nonexistent.h>
configure:8100: result: g++ -E
configure:8120: g++ -E  conftest.cpp
configure:8120: $? = 0
configure:8134: g++ -E  conftest.cpp
conftest.cpp:27:10: fatal error: 'ac_nonexistent.h' file not found
#include <ac_nonexistent.h>
         ^
1 error generated.
configure:8134: $? = 1
configure: failed program was:
| /* confdefs.h */
| #define PACKAGE_NAME "pypoker-eval"
| #define PACKAGE_TARNAME "pypoker-eval"
| #define PACKAGE_VERSION "138.0"
| #define PACKAGE_STRING "pypoker-eval 138.0"
| #define PACKAGE_BUGREPORT ""
| #define PACKAGE_URL ""
| #define PACKAGE "pypoker-eval"
| #define VERSION "138.0"
| #define STDC_HEADERS 1
| #define HAVE_SYS_TYPES_H 1
| #define HAVE_SYS_STAT_H 1
| #define HAVE_STDLIB_H 1
| #define HAVE_STRING_H 1
| #define HAVE_MEMORY_H 1
| #define HAVE_STRINGS_H 1
| #define HAVE_INTTYPES_H 1
| #define HAVE_STDINT_H 1
| #define HAVE_UNISTD_H 1
| #define __EXTENSIONS__ 1
| #define _ALL_SOURCE 1
| #define _GNU_SOURCE 1
| #define _POSIX_PTHREAD_SEMANTICS 1
| #define _TANDEM_SOURCE 1
| #define HAVE_DLFCN_H 1
| /* end confdefs.h.  */
| #include <ac_nonexistent.h>
configure:8340: checking for objdir
configure:8355: result: .libs
configure:8651: checking if gcc supports -fno-rtti -fno-exceptions
configure:8669: gcc -c -g -O2  -fno-rtti -fno-exceptions conftest.c >&5
configure:8673: $? = 0
configure:8686: result: yes
configure:8706: checking for gcc option to produce PIC
configure:8978: result: -fno-common -DPIC
configure:8990: checking if gcc PIC flag -fno-common -DPIC works
configure:9008: gcc -c -g -O2  -fno-common -DPIC -DPIC conftest.c >&5
configure:9012: $? = 0
configure:9025: result: yes
configure:9049: checking if gcc static flag -static works
configure:9077: result: no
configure:9092: checking if gcc supports -c -o file.o
configure:9113: gcc -c -g -O2  -o out/conftest2.o conftest.c >&5
configure:9117: $? = 0
configure:9139: result: yes
configure:9147: checking if gcc supports -c -o file.o
configure:9194: result: yes
configure:9227: checking whether the gcc linker (/Library/Developer/CommandLineTools/usr/bin/ld) supports shared libraries
configure:10218: result: yes
configure:10457: checking dynamic linker characteristics
configure:11120: result: darwin17.7.0 dyld
configure:11222: checking how to hardcode library paths into programs
configure:11247: result: immediate
configure:11767: checking whether stripping libraries is possible
configure:11781: result: yes
configure:11807: checking if libtool supports shared libraries
configure:11809: result: yes
configure:11812: checking whether to build shared libraries
configure:11833: result: yes
configure:11836: checking whether to build static libraries
configure:11840: result: yes
configure:11990: checking for ld used by g++
configure:12057: result: /Library/Developer/CommandLineTools/usr/bin/ld
configure:12064: checking if the linker (/Library/Developer/CommandLineTools/usr/bin/ld) is GNU ld
configure:12079: result: no
configure:12134: checking whether the g++ linker (/Library/Developer/CommandLineTools/usr/bin/ld) supports shared libraries
configure:13047: result: yes
configure:13075: g++ -c -g -O2  conftest.cpp >&5
configure:13078: $? = 0
configure:13260: checking for g++ option to produce PIC
configure:13577: result: -fno-common -DPIC
configure:13586: checking if g++ PIC flag -fno-common -DPIC works
configure:13604: g++ -c -g -O2  -fno-common -DPIC -DPIC conftest.cpp >&5
configure:13608: $? = 0
configure:13621: result: yes
configure:13642: checking if g++ static flag -static works
configure:13670: result: no
configure:13682: checking if g++ supports -c -o file.o
configure:13703: g++ -c -g -O2  -o out/conftest2.o conftest.cpp >&5
configure:13707: $? = 0
configure:13729: result: yes
configure:13734: checking if g++ supports -c -o file.o
configure:13781: result: yes
configure:13811: checking whether the g++ linker (/Library/Developer/CommandLineTools/usr/bin/ld) supports shared libraries
configure:13840: result: yes
configure:13977: checking dynamic linker characteristics
configure:14588: result: darwin17.7.0 dyld
configure:14639: checking how to hardcode library paths into programs
configure:14664: result: immediate
configure:14765: checking for ranlib
configure:14792: result: ranlib
configure:14817: checking for memset
configure:14817: gcc -o conftest -g -O2   conftest.c  >&5
conftest.c:51:6: warning: incompatible redeclaration of library function 'memset' [-Wincompatible-library-redeclaration]
char memset ();
     ^
conftest.c:51:6: note: 'memset' is a builtin with type 'void *(void *, int, unsigned long)'
1 warning generated.
configure:14817: $? = 0
configure:14817: result: yes
configure:14828: checking whether to enable maintainer-specific portions of Makefiles
configure:14837: result: no
configure:14941: checking for a Python interpreter with version =2.3
configure:14980: python2.6 -c import sys, string if '=2.3' == '': sys.exit(0) spec = string.replace('=2.3', ' ', '') if spec[:2] == '<=': version_string = spec[2:] elif spec[:2] == '>=': version_string = spec[2:] elif spec[:1] == '=': version_string = spec[1:] elif spec[:1] == '>': version_string = spec[1:] elif spec[:1] == '<': version_string = spec[1:] ver = map(int, string.split(version_string, '.')) syshexversion = sys.hexversion >> (8 AUTHORS COPYING ChangeLog INSTALL INSTALL.windows LICENSE Makefile Makefile.am Makefile.am.orig Makefile.am.rej Makefile.in NEWS README README.md _pokereval_2_7.la _pokereval_2_7_la-pypokereval.lo _pokereval_2_7_la-pypokereval.o aclocal.m4 autom4te.cache bug-1823.py confdefs.h config config.log config.status configure configure.ac gentoo guru100.txt guru101.txt guru102.txt guru103.txt guru104.txt guru105.txt guru106.txt guru107.txt guru108.txt guru109.txt guru110.txt guru111.txt guru99.txt guru_b5oc.txt guru_b5rb.txt guru_b5tc.txt guru_b6oc.txt guru_b6rb.txt guru_b6tc.txt guru_b6thc.txt guru_b7oc.txt guru_b7rb.txt guru_b7tc.txt guru_b7thc.txt libtool patchfile.patch pokereval.py pokereval.pyc pypoker-eval.pc pypoker-eval.pc.in pypoker-eval.sln pypoker-eval.vcproj pypokereval.c test.py test1.py test_3oneColor_board.py test_3rainbow_board.py test_3twoColor_board.py test_3twoColor_rankModified.py test_4oneColor_board.py test_4rainbow_board.py test_4threeColor_board.py test_4twoColor_board.py test_5oneColor_board.py test_5rainbow_board.py test_5threeColor_board.py test_5twoColor_board.py test_argument.py test_b1_52.py test_best.py test_best5_oneColor.py test_best5_rainbow.py test_best5_twoColor.py test_best6_oneColor.py test_best6_rainbow.py test_best6_threeColor.py test_best6_twoColor.py test_best7_oneColor.py test_best7_rainbow.py test_best7_rainbow_low.py test_best7_threeColor.py test_best7_twoColor.py test_colorShape.py test_constant_board.py test_constant_board.pyc test_hr.py test_ml.py test_mlpr.py test_orderShape.py test_rainbow_board_mp.py test_read.py test_read.pyc test_sp_mp_compare.py (4 - len(ver))) verhex = 0 for i in xrange(0, len(ver)): verhex = (verhex << 8) + ver[i] print 'sys.hexversion = 0x%08x, verhex = 0x%08x' % (syshexversion, verhex) if spec[:2] == '<=': status = syshexversion <= verhex elif spec[:2] == '>=': status = syshexversion >= verhex elif spec[:1] == '=': status = syshexversion == verhex elif spec[:1] == '>': status = syshexversion > verhex elif spec[:1] == '<': status = syshexversion < verhex else: status = syshexversion >= verhex if status: sys.exit(0) else: sys.exit(1)
./configure: line 14981: python2.6: command not found
configure:14983: $? = 127
configure:14980: python2.7 -c import sys, string if '=2.3' == '': sys.exit(0) spec = string.replace('=2.3', ' ', '') if spec[:2] == '<=': version_string = spec[2:] elif spec[:2] == '>=': version_string = spec[2:] elif spec[:1] == '=': version_string = spec[1:] elif spec[:1] == '>': version_string = spec[1:] elif spec[:1] == '<': version_string = spec[1:] ver = map(int, string.split(version_string, '.')) syshexversion = sys.hexversion >> (8 AUTHORS COPYING ChangeLog INSTALL INSTALL.windows LICENSE Makefile Makefile.am Makefile.am.orig Makefile.am.rej Makefile.in NEWS README README.md _pokereval_2_7.la _pokereval_2_7_la-pypokereval.lo _pokereval_2_7_la-pypokereval.o aclocal.m4 autom4te.cache bug-1823.py confdefs.h config config.log config.status configure configure.ac gentoo guru100.txt guru101.txt guru102.txt guru103.txt guru104.txt guru105.txt guru106.txt guru107.txt guru108.txt guru109.txt guru110.txt guru111.txt guru99.txt guru_b5oc.txt guru_b5rb.txt guru_b5tc.txt guru_b6oc.txt guru_b6rb.txt guru_b6tc.txt guru_b6thc.txt guru_b7oc.txt guru_b7rb.txt guru_b7tc.txt guru_b7thc.txt libtool patchfile.patch pokereval.py pokereval.pyc pypoker-eval.pc pypoker-eval.pc.in pypoker-eval.sln pypoker-eval.vcproj pypokereval.c test.py test1.py test_3oneColor_board.py test_3rainbow_board.py test_3twoColor_board.py test_3twoColor_rankModified.py test_4oneColor_board.py test_4rainbow_board.py test_4threeColor_board.py test_4twoColor_board.py test_5oneColor_board.py test_5rainbow_board.py test_5threeColor_board.py test_5twoColor_board.py test_argument.py test_b1_52.py test_best.py test_best5_oneColor.py test_best5_rainbow.py test_best5_twoColor.py test_best6_oneColor.py test_best6_rainbow.py test_best6_threeColor.py test_best6_twoColor.py test_best7_oneColor.py test_best7_rainbow.py test_best7_rainbow_low.py test_best7_threeColor.py test_best7_twoColor.py test_colorShape.py test_constant_board.py test_constant_board.pyc test_hr.py test_ml.py test_mlpr.py test_orderShape.py test_rainbow_board_mp.py test_read.py test_read.pyc test_sp_mp_compare.py (4 - len(ver))) verhex = 0 for i in xrange(0, len(ver)): verhex = (verhex << 8) + ver[i] print 'sys.hexversion = 0x%08x, verhex = 0x%08x' % (syshexversion, verhex) if spec[:2] == '<=': status = syshexversion <= verhex elif spec[:2] == '>=': status = syshexversion >= verhex elif spec[:1] == '=': status = syshexversion == verhex elif spec[:1] == '>': status = syshexversion > verhex elif spec[:1] == '<': status = syshexversion < verhex else: status = syshexversion >= verhex if status: sys.exit(0) else: sys.exit(1)
sys.hexversion = 0x00000207, verhex = 0x00000203
configure:14983: $? = 1
configure:14980: python2.4 -c import sys, string if '=2.3' == '': sys.exit(0) spec = string.replace('=2.3', ' ', '') if spec[:2] == '<=': version_string = spec[2:] elif spec[:2] == '>=': version_string = spec[2:] elif spec[:1] == '=': version_string = spec[1:] elif spec[:1] == '>': version_string = spec[1:] elif spec[:1] == '<': version_string = spec[1:] ver = map(int, string.split(version_string, '.')) syshexversion = sys.hexversion >> (8 AUTHORS COPYING ChangeLog INSTALL INSTALL.windows LICENSE Makefile Makefile.am Makefile.am.orig Makefile.am.rej Makefile.in NEWS README README.md _pokereval_2_7.la _pokereval_2_7_la-pypokereval.lo _pokereval_2_7_la-pypokereval.o aclocal.m4 autom4te.cache bug-1823.py confdefs.h config config.log config.status configure configure.ac gentoo guru100.txt guru101.txt guru102.txt guru103.txt guru104.txt guru105.txt guru106.txt guru107.txt guru108.txt guru109.txt guru110.txt guru111.txt guru99.txt guru_b5oc.txt guru_b5rb.txt guru_b5tc.txt guru_b6oc.txt guru_b6rb.txt guru_b6tc.txt guru_b6thc.txt guru_b7oc.txt guru_b7rb.txt guru_b7tc.txt guru_b7thc.txt libtool patchfile.patch pokereval.py pokereval.pyc pypoker-eval.pc pypoker-eval.pc.in pypoker-eval.sln pypoker-eval.vcproj pypokereval.c test.py test1.py test_3oneColor_board.py test_3rainbow_board.py test_3twoColor_board.py test_3twoColor_rankModified.py test_4oneColor_board.py test_4rainbow_board.py test_4threeColor_board.py test_4twoColor_board.py test_5oneColor_board.py test_5rainbow_board.py test_5threeColor_board.py test_5twoColor_board.py test_argument.py test_b1_52.py test_best.py test_best5_oneColor.py test_best5_rainbow.py test_best5_twoColor.py test_best6_oneColor.py test_best6_rainbow.py test_best6_threeColor.py test_best6_twoColor.py test_best7_oneColor.py test_best7_rainbow.py test_best7_rainbow_low.py test_best7_threeColor.py test_best7_twoColor.py test_colorShape.py test_constant_board.py test_constant_board.pyc test_hr.py test_ml.py test_mlpr.py test_orderShape.py test_rainbow_board_mp.py test_read.py test_read.pyc test_sp_mp_compare.py (4 - len(ver))) verhex = 0 for i in xrange(0, len(ver)): verhex = (verhex << 8) + ver[i] print 'sys.hexversion = 0x%08x, verhex = 0x%08x' % (syshexversion, verhex) if spec[:2] == '<=': status = syshexversion <= verhex elif spec[:2] == '>=': status = syshexversion >= verhex elif spec[:1] == '=': status = syshexversion == verhex elif spec[:1] == '>': status = syshexversion > verhex elif spec[:1] == '<': status = syshexversion < verhex else: status = syshexversion >= verhex if status: sys.exit(0) else: sys.exit(1)
./configure: line 14981: python2.4: command not found
configure:14983: $? = 127
configure:14980: python2.3 -c import sys, string if '=2.3' == '': sys.exit(0) spec = string.replace('=2.3', ' ', '') if spec[:2] == '<=': version_string = spec[2:] elif spec[:2] == '>=': version_string = spec[2:] elif spec[:1] == '=': version_string = spec[1:] elif spec[:1] == '>': version_string = spec[1:] elif spec[:1] == '<': version_string = spec[1:] ver = map(int, string.split(version_string, '.')) syshexversion = sys.hexversion >> (8 AUTHORS COPYING ChangeLog INSTALL INSTALL.windows LICENSE Makefile Makefile.am Makefile.am.orig Makefile.am.rej Makefile.in NEWS README README.md _pokereval_2_7.la _pokereval_2_7_la-pypokereval.lo _pokereval_2_7_la-pypokereval.o aclocal.m4 autom4te.cache bug-1823.py confdefs.h config config.log config.status configure configure.ac gentoo guru100.txt guru101.txt guru102.txt guru103.txt guru104.txt guru105.txt guru106.txt guru107.txt guru108.txt guru109.txt guru110.txt guru111.txt guru99.txt guru_b5oc.txt guru_b5rb.txt guru_b5tc.txt guru_b6oc.txt guru_b6rb.txt guru_b6tc.txt guru_b6thc.txt guru_b7oc.txt guru_b7rb.txt guru_b7tc.txt guru_b7thc.txt libtool patchfile.patch pokereval.py pokereval.pyc pypoker-eval.pc pypoker-eval.pc.in pypoker-eval.sln pypoker-eval.vcproj pypokereval.c test.py test1.py test_3oneColor_board.py test_3rainbow_board.py test_3twoColor_board.py test_3twoColor_rankModified.py test_4oneColor_board.py test_4rainbow_board.py test_4threeColor_board.py test_4twoColor_board.py test_5oneColor_board.py test_5rainbow_board.py test_5threeColor_board.py test_5twoColor_board.py test_argument.py test_b1_52.py test_best.py test_best5_oneColor.py test_best5_rainbow.py test_best5_twoColor.py test_best6_oneColor.py test_best6_rainbow.py test_best6_threeColor.py test_best6_twoColor.py test_best7_oneColor.py test_best7_rainbow.py test_best7_rainbow_low.py test_best7_threeColor.py test_best7_twoColor.py test_colorShape.py test_constant_board.py test_constant_board.pyc test_hr.py test_ml.py test_mlpr.py test_orderShape.py test_rainbow_board_mp.py test_read.py test_read.pyc test_sp_mp_compare.py (4 - len(ver))) verhex = 0 for i in xrange(0, len(ver)): verhex = (verhex << 8) + ver[i] print 'sys.hexversion = 0x%08x, verhex = 0x%08x' % (syshexversion, verhex) if spec[:2] == '<=': status = syshexversion <= verhex elif spec[:2] == '>=': status = syshexversion >= verhex elif spec[:1] == '=': status = syshexversion == verhex elif spec[:1] == '>': status = syshexversion > verhex elif spec[:1] == '<': status = syshexversion < verhex else: status = syshexversion >= verhex if status: sys.exit(0) else: sys.exit(1)
./configure: line 14981: python2.3: command not found
configure:14983: $? = 127
configure:14988: result: done
configure:15312: checking for a Python interpreter with version =2.4
configure:15351: python2.6 -c import sys, string if '=2.4' == '': sys.exit(0) spec = string.replace('=2.4', ' ', '') if spec[:2] == '<=': version_string = spec[2:] elif spec[:2] == '>=': version_string = spec[2:] elif spec[:1] == '=': version_string = spec[1:] elif spec[:1] == '>': version_string = spec[1:] elif spec[:1] == '<': version_string = spec[1:] ver = map(int, string.split(version_string, '.')) syshexversion = sys.hexversion >> (8 AUTHORS COPYING ChangeLog INSTALL INSTALL.windows LICENSE Makefile Makefile.am Makefile.am.orig Makefile.am.rej Makefile.in NEWS README README.md _pokereval_2_7.la _pokereval_2_7_la-pypokereval.lo _pokereval_2_7_la-pypokereval.o aclocal.m4 autom4te.cache bug-1823.py confdefs.h config config.log config.status configure configure.ac gentoo guru100.txt guru101.txt guru102.txt guru103.txt guru104.txt guru105.txt guru106.txt guru107.txt guru108.txt guru109.txt guru110.txt guru111.txt guru99.txt guru_b5oc.txt guru_b5rb.txt guru_b5tc.txt guru_b6oc.txt guru_b6rb.txt guru_b6tc.txt guru_b6thc.txt guru_b7oc.txt guru_b7rb.txt guru_b7tc.txt guru_b7thc.txt libtool patchfile.patch pokereval.py pokereval.pyc pypoker-eval.pc pypoker-eval.pc.in pypoker-eval.sln pypoker-eval.vcproj pypokereval.c test.py test1.py test_3oneColor_board.py test_3rainbow_board.py test_3twoColor_board.py test_3twoColor_rankModified.py test_4oneColor_board.py test_4rainbow_board.py test_4threeColor_board.py test_4twoColor_board.py test_5oneColor_board.py test_5rainbow_board.py test_5threeColor_board.py test_5twoColor_board.py test_argument.py test_b1_52.py test_best.py test_best5_oneColor.py test_best5_rainbow.py test_best5_twoColor.py test_best6_oneColor.py test_best6_rainbow.py test_best6_threeColor.py test_best6_twoColor.py test_best7_oneColor.py test_best7_rainbow.py test_best7_rainbow_low.py test_best7_threeColor.py test_best7_twoColor.py test_colorShape.py test_constant_board.py test_constant_board.pyc test_hr.py test_ml.py test_mlpr.py test_orderShape.py test_rainbow_board_mp.py test_read.py test_read.pyc test_sp_mp_compare.py (4 - len(ver))) verhex = 0 for i in xrange(0, len(ver)): verhex = (verhex << 8) + ver[i] print 'sys.hexversion = 0x%08x, verhex = 0x%08x' % (syshexversion, verhex) if spec[:2] == '<=': status = syshexversion <= verhex elif spec[:2] == '>=': status = syshexversion >= verhex elif spec[:1] == '=': status = syshexversion == verhex elif spec[:1] == '>': status = syshexversion > verhex elif spec[:1] == '<': status = syshexversion < verhex else: status = syshexversion >= verhex if status: sys.exit(0) else: sys.exit(1)
./configure: line 15352: python2.6: command not found
configure:15354: $? = 127
configure:15351: python2.7 -c import sys, string if '=2.4' == '': sys.exit(0) spec = string.replace('=2.4', ' ', '') if spec[:2] == '<=': version_string = spec[2:] elif spec[:2] == '>=': version_string = spec[2:] elif spec[:1] == '=': version_string = spec[1:] elif spec[:1] == '>': version_string = spec[1:] elif spec[:1] == '<': version_string = spec[1:] ver = map(int, string.split(version_string, '.')) syshexversion = sys.hexversion >> (8 AUTHORS COPYING ChangeLog INSTALL INSTALL.windows LICENSE Makefile Makefile.am Makefile.am.orig Makefile.am.rej Makefile.in NEWS README README.md _pokereval_2_7.la _pokereval_2_7_la-pypokereval.lo _pokereval_2_7_la-pypokereval.o aclocal.m4 autom4te.cache bug-1823.py confdefs.h config config.log config.status configure configure.ac gentoo guru100.txt guru101.txt guru102.txt guru103.txt guru104.txt guru105.txt guru106.txt guru107.txt guru108.txt guru109.txt guru110.txt guru111.txt guru99.txt guru_b5oc.txt guru_b5rb.txt guru_b5tc.txt guru_b6oc.txt guru_b6rb.txt guru_b6tc.txt guru_b6thc.txt guru_b7oc.txt guru_b7rb.txt guru_b7tc.txt guru_b7thc.txt libtool patchfile.patch pokereval.py pokereval.pyc pypoker-eval.pc pypoker-eval.pc.in pypoker-eval.sln pypoker-eval.vcproj pypokereval.c test.py test1.py test_3oneColor_board.py test_3rainbow_board.py test_3twoColor_board.py test_3twoColor_rankModified.py test_4oneColor_board.py test_4rainbow_board.py test_4threeColor_board.py test_4twoColor_board.py test_5oneColor_board.py test_5rainbow_board.py test_5threeColor_board.py test_5twoColor_board.py test_argument.py test_b1_52.py test_best.py test_best5_oneColor.py test_best5_rainbow.py test_best5_twoColor.py test_best6_oneColor.py test_best6_rainbow.py test_best6_threeColor.py test_best6_twoColor.py test_best7_oneColor.py test_best7_rainbow.py test_best7_rainbow_low.py test_best7_threeColor.py test_best7_twoColor.py test_colorShape.py test_constant_board.py test_constant_board.pyc test_hr.py test_ml.py test_mlpr.py test_orderShape.py test_rainbow_board_mp.py test_read.py test_read.pyc test_sp_mp_compare.py (4 - len(ver))) verhex = 0 for i in xrange(0, len(ver)): verhex = (verhex << 8) + ver[i] print 'sys.hexversion = 0x%08x, verhex = 0x%08x' % (syshexversion, verhex) if spec[:2] == '<=': status = syshexversion <= verhex elif spec[:2] == '>=': status = syshexversion >= verhex elif spec[:1] == '=': status = syshexversion == verhex elif spec[:1] == '>': status = syshexversion > verhex elif spec[:1] == '<': status = syshexversion < verhex else: status = syshexversion >= verhex if status: sys.exit(0) else: sys.exit(1)
sys.hexversion = 0x00000207, verhex = 0x00000204
configure:15354: $? = 1
configure:15351: python2.4 -c import sys, string if '=2.4' == '': sys.exit(0) spec = string.replace('=2.4', ' ', '') if spec[:2] == '<=': version_string = spec[2:] elif spec[:2] == '>=': version_string = spec[2:] elif spec[:1] == '=': version_string = spec[1:] elif spec[:1] == '>': version_string = spec[1:] elif spec[:1] == '<': version_string = spec[1:] ver = map(int, string.split(version_string, '.')) syshexversion = sys.hexversion >> (8 AUTHORS COPYING ChangeLog INSTALL INSTALL.windows LICENSE Makefile Makefile.am Makefile.am.orig Makefile.am.rej Makefile.in NEWS README README.md _pokereval_2_7.la _pokereval_2_7_la-pypokereval.lo _pokereval_2_7_la-pypokereval.o aclocal.m4 autom4te.cache bug-1823.py confdefs.h config config.log config.status configure configure.ac gentoo guru100.txt guru101.txt guru102.txt guru103.txt guru104.txt guru105.txt guru106.txt guru107.txt guru108.txt guru109.txt guru110.txt guru111.txt guru99.txt guru_b5oc.txt guru_b5rb.txt guru_b5tc.txt guru_b6oc.txt guru_b6rb.txt guru_b6tc.txt guru_b6thc.txt guru_b7oc.txt guru_b7rb.txt guru_b7tc.txt guru_b7thc.txt libtool patchfile.patch pokereval.py pokereval.pyc pypoker-eval.pc pypoker-eval.pc.in pypoker-eval.sln pypoker-eval.vcproj pypokereval.c test.py test1.py test_3oneColor_board.py test_3rainbow_board.py test_3twoColor_board.py test_3twoColor_rankModified.py test_4oneColor_board.py test_4rainbow_board.py test_4threeColor_board.py test_4twoColor_board.py test_5oneColor_board.py test_5rainbow_board.py test_5threeColor_board.py test_5twoColor_board.py test_argument.py test_b1_52.py test_best.py test_best5_oneColor.py test_best5_rainbow.py test_best5_twoColor.py test_best6_oneColor.py test_best6_rainbow.py test_best6_threeColor.py test_best6_twoColor.py test_best7_oneColor.py test_best7_rainbow.py test_best7_rainbow_low.py test_best7_threeColor.py test_best7_twoColor.py test_colorShape.py test_constant_board.py test_constant_board.pyc test_hr.py test_ml.py test_mlpr.py test_orderShape.py test_rainbow_board_mp.py test_read.py test_read.pyc test_sp_mp_compare.py (4 - len(ver))) verhex = 0 for i in xrange(0, len(ver)): verhex = (verhex << 8) + ver[i] print 'sys.hexversion = 0x%08x, verhex = 0x%08x' % (syshexversion, verhex) if spec[:2] == '<=': status = syshexversion <= verhex elif spec[:2] == '>=': status = syshexversion >= verhex elif spec[:1] == '=': status = syshexversion == verhex elif spec[:1] == '>': status = syshexversion > verhex elif spec[:1] == '<': status = syshexversion < verhex else: status = syshexversion >= verhex if status: sys.exit(0) else: sys.exit(1)
./configure: line 15352: python2.4: command not found
configure:15354: $? = 127
configure:15351: python2.3 -c import sys, string if '=2.4' == '': sys.exit(0) spec = string.replace('=2.4', ' ', '') if spec[:2] == '<=': version_string = spec[2:] elif spec[:2] == '>=': version_string = spec[2:] elif spec[:1] == '=': version_string = spec[1:] elif spec[:1] == '>': version_string = spec[1:] elif spec[:1] == '<': version_string = spec[1:] ver = map(int, string.split(version_string, '.')) syshexversion = sys.hexversion >> (8 AUTHORS COPYING ChangeLog INSTALL INSTALL.windows LICENSE Makefile Makefile.am Makefile.am.orig Makefile.am.rej Makefile.in NEWS README README.md _pokereval_2_7.la _pokereval_2_7_la-pypokereval.lo _pokereval_2_7_la-pypokereval.o aclocal.m4 autom4te.cache bug-1823.py confdefs.h config config.log config.status configure configure.ac gentoo guru100.txt guru101.txt guru102.txt guru103.txt guru104.txt guru105.txt guru106.txt guru107.txt guru108.txt guru109.txt guru110.txt guru111.txt guru99.txt guru_b5oc.txt guru_b5rb.txt guru_b5tc.txt guru_b6oc.txt guru_b6rb.txt guru_b6tc.txt guru_b6thc.txt guru_b7oc.txt guru_b7rb.txt guru_b7tc.txt guru_b7thc.txt libtool patchfile.patch pokereval.py pokereval.pyc pypoker-eval.pc pypoker-eval.pc.in pypoker-eval.sln pypoker-eval.vcproj pypokereval.c test.py test1.py test_3oneColor_board.py test_3rainbow_board.py test_3twoColor_board.py test_3twoColor_rankModified.py test_4oneColor_board.py test_4rainbow_board.py test_4threeColor_board.py test_4twoColor_board.py test_5oneColor_board.py test_5rainbow_board.py test_5threeColor_board.py test_5twoColor_board.py test_argument.py test_b1_52.py test_best.py test_best5_oneColor.py test_best5_rainbow.py test_best5_twoColor.py test_best6_oneColor.py test_best6_rainbow.py test_best6_threeColor.py test_best6_twoColor.py test_best7_oneColor.py test_best7_rainbow.py test_best7_rainbow_low.py test_best7_threeColor.py test_best7_twoColor.py test_colorShape.py test_constant_board.py test_constant_board.pyc test_hr.py test_ml.py test_mlpr.py test_orderShape.py test_rainbow_board_mp.py test_read.py test_read.pyc test_sp_mp_compare.py (4 - len(ver))) verhex = 0 for i in xrange(0, len(ver)): verhex = (verhex << 8) + ver[i] print 'sys.hexversion = 0x%08x, verhex = 0x%08x' % (syshexversion, verhex) if spec[:2] == '<=': status = syshexversion <= verhex elif spec[:2] == '>=': status = syshexversion >= verhex elif spec[:1] == '=': status = syshexversion == verhex elif spec[:1] == '>': status = syshexversion > verhex elif spec[:1] == '<': status = syshexversion < verhex else: status = syshexversion >= verhex if status: sys.exit(0) else: sys.exit(1)
./configure: line 15352: python2.3: command not found
configure:15354: $? = 127
configure:15359: result: done
configure:15683: checking for a Python interpreter with version =2.7
configure:15722: python2.6 -c import sys, string if '=2.7' == '': sys.exit(0) spec = string.replace('=2.7', ' ', '') if spec[:2] == '<=': version_string = spec[2:] elif spec[:2] == '>=': version_string = spec[2:] elif spec[:1] == '=': version_string = spec[1:] elif spec[:1] == '>': version_string = spec[1:] elif spec[:1] == '<': version_string = spec[1:] ver = map(int, string.split(version_string, '.')) syshexversion = sys.hexversion >> (8 AUTHORS COPYING ChangeLog INSTALL INSTALL.windows LICENSE Makefile Makefile.am Makefile.am.orig Makefile.am.rej Makefile.in NEWS README README.md _pokereval_2_7.la _pokereval_2_7_la-pypokereval.lo _pokereval_2_7_la-pypokereval.o aclocal.m4 autom4te.cache bug-1823.py confdefs.h config config.log config.status configure configure.ac gentoo guru100.txt guru101.txt guru102.txt guru103.txt guru104.txt guru105.txt guru106.txt guru107.txt guru108.txt guru109.txt guru110.txt guru111.txt guru99.txt guru_b5oc.txt guru_b5rb.txt guru_b5tc.txt guru_b6oc.txt guru_b6rb.txt guru_b6tc.txt guru_b6thc.txt guru_b7oc.txt guru_b7rb.txt guru_b7tc.txt guru_b7thc.txt libtool patchfile.patch pokereval.py pokereval.pyc pypoker-eval.pc pypoker-eval.pc.in pypoker-eval.sln pypoker-eval.vcproj pypokereval.c test.py test1.py test_3oneColor_board.py test_3rainbow_board.py test_3twoColor_board.py test_3twoColor_rankModified.py test_4oneColor_board.py test_4rainbow_board.py test_4threeColor_board.py test_4twoColor_board.py test_5oneColor_board.py test_5rainbow_board.py test_5threeColor_board.py test_5twoColor_board.py test_argument.py test_b1_52.py test_best.py test_best5_oneColor.py test_best5_rainbow.py test_best5_twoColor.py test_best6_oneColor.py test_best6_rainbow.py test_best6_threeColor.py test_best6_twoColor.py test_best7_oneColor.py test_best7_rainbow.py test_best7_rainbow_low.py test_best7_threeColor.py test_best7_twoColor.py test_colorShape.py test_constant_board.py test_constant_board.pyc test_hr.py test_ml.py test_mlpr.py test_orderShape.py test_rainbow_board_mp.py test_read.py test_read.pyc test_sp_mp_compare.py (4 - len(ver))) verhex = 0 for i in xrange(0, len(ver)): verhex = (verhex << 8) + ver[i] print 'sys.hexversion = 0x%08x, verhex = 0x%08x' % (syshexversion, verhex) if spec[:2] == '<=': status = syshexversion <= verhex elif spec[:2] == '>=': status = syshexversion >= verhex elif spec[:1] == '=': status = syshexversion == verhex elif spec[:1] == '>': status = syshexversion > verhex elif spec[:1] == '<': status = syshexversion < verhex else: status = syshexversion >= verhex if status: sys.exit(0) else: sys.exit(1)
./configure: line 15723: python2.6: command not found
configure:15725: $? = 127
configure:15722: python2.7 -c import sys, string if '=2.7' == '': sys.exit(0) spec = string.replace('=2.7', ' ', '') if spec[:2] == '<=': version_string = spec[2:] elif spec[:2] == '>=': version_string = spec[2:] elif spec[:1] == '=': version_string = spec[1:] elif spec[:1] == '>': version_string = spec[1:] elif spec[:1] == '<': version_string = spec[1:] ver = map(int, string.split(version_string, '.')) syshexversion = sys.hexversion >> (8 AUTHORS COPYING ChangeLog INSTALL INSTALL.windows LICENSE Makefile Makefile.am Makefile.am.orig Makefile.am.rej Makefile.in NEWS README README.md _pokereval_2_7.la _pokereval_2_7_la-pypokereval.lo _pokereval_2_7_la-pypokereval.o aclocal.m4 autom4te.cache bug-1823.py confdefs.h config config.log config.status configure configure.ac gentoo guru100.txt guru101.txt guru102.txt guru103.txt guru104.txt guru105.txt guru106.txt guru107.txt guru108.txt guru109.txt guru110.txt guru111.txt guru99.txt guru_b5oc.txt guru_b5rb.txt guru_b5tc.txt guru_b6oc.txt guru_b6rb.txt guru_b6tc.txt guru_b6thc.txt guru_b7oc.txt guru_b7rb.txt guru_b7tc.txt guru_b7thc.txt libtool patchfile.patch pokereval.py pokereval.pyc pypoker-eval.pc pypoker-eval.pc.in pypoker-eval.sln pypoker-eval.vcproj pypokereval.c test.py test1.py test_3oneColor_board.py test_3rainbow_board.py test_3twoColor_board.py test_3twoColor_rankModified.py test_4oneColor_board.py test_4rainbow_board.py test_4threeColor_board.py test_4twoColor_board.py test_5oneColor_board.py test_5rainbow_board.py test_5threeColor_board.py test_5twoColor_board.py test_argument.py test_b1_52.py test_best.py test_best5_oneColor.py test_best5_rainbow.py test_best5_twoColor.py test_best6_oneColor.py test_best6_rainbow.py test_best6_threeColor.py test_best6_twoColor.py test_best7_oneColor.py test_best7_rainbow.py test_best7_rainbow_low.py test_best7_threeColor.py test_best7_twoColor.py test_colorShape.py test_constant_board.py test_constant_board.pyc test_hr.py test_ml.py test_mlpr.py test_orderShape.py test_rainbow_board_mp.py test_read.py test_read.pyc test_sp_mp_compare.py (4 - len(ver))) verhex = 0 for i in xrange(0, len(ver)): verhex = (verhex << 8) + ver[i] print 'sys.hexversion = 0x%08x, verhex = 0x%08x' % (syshexversion, verhex) if spec[:2] == '<=': status = syshexversion <= verhex elif spec[:2] == '>=': status = syshexversion >= verhex elif spec[:1] == '=': status = syshexversion == verhex elif spec[:1] == '>': status = syshexversion > verhex elif spec[:1] == '<': status = syshexversion < verhex else: status = syshexversion >= verhex if status: sys.exit(0) else: sys.exit(1)
sys.hexversion = 0x00000207, verhex = 0x00000207
configure:15725: $? = 0
configure:15730: result: done
configure:15739: checking for python2.7
configure:15757: found /Users/jinyi/anaconda3/envs/poker/bin/python2.7
configure:15769: result: /Users/jinyi/anaconda3/envs/poker/bin/python2.7
configure:15787: checking for python2.7 version
configure:15790: result: done
configure:15802: checking for python2.7 platform
configure:15805: result: done
configure:15812: checking for python2.7 script directory
configure:15816: result: done
configure:15825: checking for python2.7 extension module directory
configure:15829: result: done
configure:15856: checking for  include directory
configure:15864: result: /Users/jinyi/anaconda3/envs/poker/include/python2.7
configure:15869: checking for python2.7 C libraries directory
configure:15877: result: /Users/jinyi/anaconda3/envs/poker/lib/python2.7/config
configure:15882: checking for python2.7 link flags
configure:15892: result: -L/Users/jinyi/anaconda3/envs/poker/lib/python2.7/config -lpython2.7
configure:15906: checking Python.h usability
configure:15906: gcc -c -pipe -O3 -Wall -Wpointer-arith -Wstrict-prototypes  -I/Users/jinyi/anaconda3/envs/poker/include/python2.7 conftest.c >&5
configure:15906: $? = 0
configure:15906: result: yes
configure:15906: checking Python.h presence
configure:15906: gcc -E  -I/Users/jinyi/anaconda3/envs/poker/include/python2.7 conftest.c
configure:15906: $? = 0
configure:15906: result: yes
configure:15906: checking for Python.h
configure:15906: result: yes
configure:15915: checking for Python libraries
configure:15929: gcc -o conftest -pipe -O3 -Wall -Wpointer-arith -Wstrict-prototypes  -I/Users/jinyi/anaconda3/envs/poker/include/python2.7  conftest.c  >&5
configure:15929: $? = 0
configure:15946: result: yes
configure:15974: Found working python compilation environment for =2.7
configure:16054: checking for a Python interpreter with version =2.6
configure:16093: python2.6 -c import sys, string if '=2.6' == '': sys.exit(0) spec = string.replace('=2.6', ' ', '') if spec[:2] == '<=': version_string = spec[2:] elif spec[:2] == '>=': version_string = spec[2:] elif spec[:1] == '=': version_string = spec[1:] elif spec[:1] == '>': version_string = spec[1:] elif spec[:1] == '<': version_string = spec[1:] ver = map(int, string.split(version_string, '.')) syshexversion = sys.hexversion >> (8 AUTHORS COPYING ChangeLog INSTALL INSTALL.windows LICENSE Makefile Makefile.am Makefile.am.orig Makefile.am.rej Makefile.in NEWS README README.md _pokereval_2_7.la _pokereval_2_7_la-pypokereval.lo _pokereval_2_7_la-pypokereval.o aclocal.m4 autom4te.cache bug-1823.py confdefs.h config config.log config.status configure configure.ac gentoo guru100.txt guru101.txt guru102.txt guru103.txt guru104.txt guru105.txt guru106.txt guru107.txt guru108.txt guru109.txt guru110.txt guru111.txt guru99.txt guru_b5oc.txt guru_b5rb.txt guru_b5tc.txt guru_b6oc.txt guru_b6rb.txt guru_b6tc.txt guru_b6thc.txt guru_b7oc.txt guru_b7rb.txt guru_b7tc.txt guru_b7thc.txt libtool patchfile.patch pokereval.py pokereval.pyc pypoker-eval.pc pypoker-eval.pc.in pypoker-eval.sln pypoker-eval.vcproj pypokereval.c test.py test1.py test_3oneColor_board.py test_3rainbow_board.py test_3twoColor_board.py test_3twoColor_rankModified.py test_4oneColor_board.py test_4rainbow_board.py test_4threeColor_board.py test_4twoColor_board.py test_5oneColor_board.py test_5rainbow_board.py test_5threeColor_board.py test_5twoColor_board.py test_argument.py test_b1_52.py test_best.py test_best5_oneColor.py test_best5_rainbow.py test_best5_twoColor.py test_best6_oneColor.py test_best6_rainbow.py test_best6_threeColor.py test_best6_twoColor.py test_best7_oneColor.py test_best7_rainbow.py test_best7_rainbow_low.py test_best7_threeColor.py test_best7_twoColor.py test_colorShape.py test_constant_board.py test_constant_board.pyc test_hr.py test_ml.py test_mlpr.py test_orderShape.py test_rainbow_board_mp.py test_read.py test_read.pyc test_sp_mp_compare.py (4 - len(ver))) verhex = 0 for i in xrange(0, len(ver)): verhex = (verhex << 8) + ver[i] print 'sys.hexversion = 0x%08x, verhex = 0x%08x' % (syshexversion, verhex) if spec[:2] == '<=': status = syshexversion <= verhex elif spec[:2] == '>=': status = syshexversion >= verhex elif spec[:1] == '=': status = syshexversion == verhex elif spec[:1] == '>': status = syshexversion > verhex elif spec[:1] == '<': status = syshexversion < verhex else: status = syshexversion >= verhex if status: sys.exit(0) else: sys.exit(1)
./configure: line 16094: python2.6: command not found
configure:16096: $? = 127
configure:16093: python2.7 -c import sys, string if '=2.6' == '': sys.exit(0) spec = string.replace('=2.6', ' ', '') if spec[:2] == '<=': version_string = spec[2:] elif spec[:2] == '>=': version_string = spec[2:] elif spec[:1] == '=': version_string = spec[1:] elif spec[:1] == '>': version_string = spec[1:] elif spec[:1] == '<': version_string = spec[1:] ver = map(int, string.split(version_string, '.')) syshexversion = sys.hexversion >> (8 AUTHORS COPYING ChangeLog INSTALL INSTALL.windows LICENSE Makefile Makefile.am Makefile.am.orig Makefile.am.rej Makefile.in NEWS README README.md _pokereval_2_7.la _pokereval_2_7_la-pypokereval.lo _pokereval_2_7_la-pypokereval.o aclocal.m4 autom4te.cache bug-1823.py confdefs.h config config.log config.status configure configure.ac gentoo guru100.txt guru101.txt guru102.txt guru103.txt guru104.txt guru105.txt guru106.txt guru107.txt guru108.txt guru109.txt guru110.txt guru111.txt guru99.txt guru_b5oc.txt guru_b5rb.txt guru_b5tc.txt guru_b6oc.txt guru_b6rb.txt guru_b6tc.txt guru_b6thc.txt guru_b7oc.txt guru_b7rb.txt guru_b7tc.txt guru_b7thc.txt libtool patchfile.patch pokereval.py pokereval.pyc pypoker-eval.pc pypoker-eval.pc.in pypoker-eval.sln pypoker-eval.vcproj pypokereval.c test.py test1.py test_3oneColor_board.py test_3rainbow_board.py test_3twoColor_board.py test_3twoColor_rankModified.py test_4oneColor_board.py test_4rainbow_board.py test_4threeColor_board.py test_4twoColor_board.py test_5oneColor_board.py test_5rainbow_board.py test_5threeColor_board.py test_5twoColor_board.py test_argument.py test_b1_52.py test_best.py test_best5_oneColor.py test_best5_rainbow.py test_best5_twoColor.py test_best6_oneColor.py test_best6_rainbow.py test_best6_threeColor.py test_best6_twoColor.py test_best7_oneColor.py test_best7_rainbow.py test_best7_rainbow_low.py test_best7_threeColor.py test_best7_twoColor.py test_colorShape.py test_constant_board.py test_constant_board.pyc test_hr.py test_ml.py test_mlpr.py test_orderShape.py test_rainbow_board_mp.py test_read.py test_read.pyc test_sp_mp_compare.py (4 - len(ver))) verhex = 0 for i in xrange(0, len(ver)): verhex = (verhex << 8) + ver[i] print 'sys.hexversion = 0x%08x, verhex = 0x%08x' % (syshexversion, verhex) if spec[:2] == '<=': status = syshexversion <= verhex elif spec[:2] == '>=': status = syshexversion >= verhex elif spec[:1] == '=': status = syshexversion == verhex elif spec[:1] == '>': status = syshexversion > verhex elif spec[:1] == '<': status = syshexversion < verhex else: status = syshexversion >= verhex if status: sys.exit(0) else: sys.exit(1)
sys.hexversion = 0x00000207, verhex = 0x00000206
configure:16096: $? = 1
configure:16093: python2.4 -c import sys, string if '=2.6' == '': sys.exit(0) spec = string.replace('=2.6', ' ', '') if spec[:2] == '<=': version_string = spec[2:] elif spec[:2] == '>=': version_string = spec[2:] elif spec[:1] == '=': version_string = spec[1:] elif spec[:1] == '>': version_string = spec[1:] elif spec[:1] == '<': version_string = spec[1:] ver = map(int, string.split(version_string, '.')) syshexversion = sys.hexversion >> (8 AUTHORS COPYING ChangeLog INSTALL INSTALL.windows LICENSE Makefile Makefile.am Makefile.am.orig Makefile.am.rej Makefile.in NEWS README README.md _pokereval_2_7.la _pokereval_2_7_la-pypokereval.lo _pokereval_2_7_la-pypokereval.o aclocal.m4 autom4te.cache bug-1823.py confdefs.h config config.log config.status configure configure.ac gentoo guru100.txt guru101.txt guru102.txt guru103.txt guru104.txt guru105.txt guru106.txt guru107.txt guru108.txt guru109.txt guru110.txt guru111.txt guru99.txt guru_b5oc.txt guru_b5rb.txt guru_b5tc.txt guru_b6oc.txt guru_b6rb.txt guru_b6tc.txt guru_b6thc.txt guru_b7oc.txt guru_b7rb.txt guru_b7tc.txt guru_b7thc.txt libtool patchfile.patch pokereval.py pokereval.pyc pypoker-eval.pc pypoker-eval.pc.in pypoker-eval.sln pypoker-eval.vcproj pypokereval.c test.py test1.py test_3oneColor_board.py test_3rainbow_board.py test_3twoColor_board.py test_3twoColor_rankModified.py test_4oneColor_board.py test_4rainbow_board.py test_4threeColor_board.py test_4twoColor_board.py test_5oneColor_board.py test_5rainbow_board.py test_5threeColor_board.py test_5twoColor_board.py test_argument.py test_b1_52.py test_best.py test_best5_oneColor.py test_best5_rainbow.py test_best5_twoColor.py test_best6_oneColor.py test_best6_rainbow.py test_best6_threeColor.py test_best6_twoColor.py test_best7_oneColor.py test_best7_rainbow.py test_best7_rainbow_low.py test_best7_threeColor.py test_best7_twoColor.py test_colorShape.py test_constant_board.py test_constant_board.pyc test_hr.py test_ml.py test_mlpr.py test_orderShape.py test_rainbow_board_mp.py test_read.py test_read.pyc test_sp_mp_compare.py (4 - len(ver))) verhex = 0 for i in xrange(0, len(ver)): verhex = (verhex << 8) + ver[i] print 'sys.hexversion = 0x%08x, verhex = 0x%08x' % (syshexversion, verhex) if spec[:2] == '<=': status = syshexversion <= verhex elif spec[:2] == '>=': status = syshexversion >= verhex elif spec[:1] == '=': status = syshexversion == verhex elif spec[:1] == '>': status = syshexversion > verhex elif spec[:1] == '<': status = syshexversion < verhex else: status = syshexversion >= verhex if status: sys.exit(0) else: sys.exit(1)
./configure: line 16094: python2.4: command not found
configure:16096: $? = 127
configure:16093: python2.3 -c import sys, string if '=2.6' == '': sys.exit(0) spec = string.replace('=2.6', ' ', '') if spec[:2] == '<=': version_string = spec[2:] elif spec[:2] == '>=': version_string = spec[2:] elif spec[:1] == '=': version_string = spec[1:] elif spec[:1] == '>': version_string = spec[1:] elif spec[:1] == '<': version_string = spec[1:] ver = map(int, string.split(version_string, '.')) syshexversion = sys.hexversion >> (8 AUTHORS COPYING ChangeLog INSTALL INSTALL.windows LICENSE Makefile Makefile.am Makefile.am.orig Makefile.am.rej Makefile.in NEWS README README.md _pokereval_2_7.la _pokereval_2_7_la-pypokereval.lo _pokereval_2_7_la-pypokereval.o aclocal.m4 autom4te.cache bug-1823.py confdefs.h config config.log config.status configure configure.ac gentoo guru100.txt guru101.txt guru102.txt guru103.txt guru104.txt guru105.txt guru106.txt guru107.txt guru108.txt guru109.txt guru110.txt guru111.txt guru99.txt guru_b5oc.txt guru_b5rb.txt guru_b5tc.txt guru_b6oc.txt guru_b6rb.txt guru_b6tc.txt guru_b6thc.txt guru_b7oc.txt guru_b7rb.txt guru_b7tc.txt guru_b7thc.txt libtool patchfile.patch pokereval.py pokereval.pyc pypoker-eval.pc pypoker-eval.pc.in pypoker-eval.sln pypoker-eval.vcproj pypokereval.c test.py test1.py test_3oneColor_board.py test_3rainbow_board.py test_3twoColor_board.py test_3twoColor_rankModified.py test_4oneColor_board.py test_4rainbow_board.py test_4threeColor_board.py test_4twoColor_board.py test_5oneColor_board.py test_5rainbow_board.py test_5threeColor_board.py test_5twoColor_board.py test_argument.py test_b1_52.py test_best.py test_best5_oneColor.py test_best5_rainbow.py test_best5_twoColor.py test_best6_oneColor.py test_best6_rainbow.py test_best6_threeColor.py test_best6_twoColor.py test_best7_oneColor.py test_best7_rainbow.py test_best7_rainbow_low.py test_best7_threeColor.py test_best7_twoColor.py test_colorShape.py test_constant_board.py test_constant_board.pyc test_hr.py test_ml.py test_mlpr.py test_orderShape.py test_rainbow_board_mp.py test_read.py test_read.pyc test_sp_mp_compare.py (4 - len(ver))) verhex = 0 for i in xrange(0, len(ver)): verhex = (verhex << 8) + ver[i] print 'sys.hexversion = 0x%08x, verhex = 0x%08x' % (syshexversion, verhex) if spec[:2] == '<=': status = syshexversion <= verhex elif spec[:2] == '>=': status = syshexversion >= verhex elif spec[:1] == '=': status = syshexversion == verhex elif spec[:1] == '>': status = syshexversion > verhex elif spec[:1] == '<': status = syshexversion < verhex else: status = syshexversion >= verhex if status: sys.exit(0) else: sys.exit(1)
./configure: line 16094: python2.3: command not found
configure:16096: $? = 127
configure:16101: result: done
configure:16420: checking for pkg-config
configure:16438: found /opt/local/bin/pkg-config
configure:16450: result: /opt/local/bin/pkg-config
configure:16475: checking pkg-config is at least version 0.9.0
configure:16478: result: yes
configure:16488: checking for poker-eval >= 124.0
configure:16495: $PKG_CONFIG --exists --print-errors "poker-eval >= 124.0"
configure:16498: $? = 0
configure:16512: $PKG_CONFIG --exists --print-errors "poker-eval >= 124.0"
configure:16515: $? = 0
configure:16573: result: yes
configure:16726: checking that generated files are newer than configure
configure:16732: result: done
configure:16783: creating ./config.status

## ---------------------- ##
## Running config.status. ##
## ---------------------- ##

This file was extended by pypoker-eval config.status 138.0, which was
generated by GNU Autoconf 2.69.  Invocation command line was

  CONFIG_FILES    = 
  CONFIG_HEADERS  = 
  CONFIG_LINKS    = 
  CONFIG_COMMANDS = 
  $ ./config.status 

on yijin.local

config.status:1106: creating Makefile
config.status:1106: creating pypoker-eval.pc
config.status:1278: executing depfiles commands
config.status:1355: cd .       && sed -e '/# am--include-marker/d' Makefile         | make -f - am--depfiles
make: Nothing to be done for `am--depfiles'.
config.status:1360: $? = 0
config.status:1278: executing libtool commands

## ---------------- ##
## Cache variables. ##
## ---------------- ##

ac_cv_build=x86_64-apple-darwin17.7.0
ac_cv_c_compiler_gnu=yes
ac_cv_cxx_compiler_gnu=yes
ac_cv_env_CCC_set=
ac_cv_env_CCC_value=
ac_cv_env_CC_set=
ac_cv_env_CC_value=
ac_cv_env_CFLAGS_set=
ac_cv_env_CFLAGS_value=
ac_cv_env_CPPFLAGS_set=
ac_cv_env_CPPFLAGS_value=
ac_cv_env_CPP_set=
ac_cv_env_CPP_value=
ac_cv_env_CXXCPP_set=
ac_cv_env_CXXCPP_value=
ac_cv_env_CXXFLAGS_set=
ac_cv_env_CXXFLAGS_value=
ac_cv_env_CXX_set=
ac_cv_env_CXX_value=
ac_cv_env_LDFLAGS_set=
ac_cv_env_LDFLAGS_value=
ac_cv_env_LIBS_set=
ac_cv_env_LIBS_value=
ac_cv_env_PKG_CONFIG_LIBDIR_set=
ac_cv_env_PKG_CONFIG_LIBDIR_value=
ac_cv_env_PKG_CONFIG_PATH_set=set
ac_cv_env_PKG_CONFIG_PATH_value=/Users/jinyi/Desktop/poker-eval-138.0
ac_cv_env_PKG_CONFIG_set=
ac_cv_env_PKG_CONFIG_value=
ac_cv_env_POKER_EVAL_CFLAGS_set=
ac_cv_env_POKER_EVAL_CFLAGS_value=
ac_cv_env_POKER_EVAL_LIBS_set=
ac_cv_env_POKER_EVAL_LIBS_value=
ac_cv_env_build_alias_set=
ac_cv_env_build_alias_value=
ac_cv_env_host_alias_set=
ac_cv_env_host_alias_value=
ac_cv_env_target_alias_set=
ac_cv_env_target_alias_value=
ac_cv_func_memset=yes
ac_cv_header_Python_h=yes
ac_cv_header_dlfcn_h=yes
ac_cv_header_inttypes_h=yes
ac_cv_header_memory_h=yes
ac_cv_header_minix_config_h=no
ac_cv_header_stdc=yes
ac_cv_header_stdint_h=yes
ac_cv_header_stdlib_h=yes
ac_cv_header_string_h=yes
ac_cv_header_strings_h=yes
ac_cv_header_sys_stat_h=yes
ac_cv_header_sys_types_h=yes
ac_cv_header_unistd_h=yes
ac_cv_host=x86_64-apple-darwin17.7.0
ac_cv_objext=o
ac_cv_path_EGREP='/usr/bin/grep -E'
ac_cv_path_FGREP='/usr/bin/grep -F'
ac_cv_path_GREP=/usr/bin/grep
ac_cv_path_PYTHON=/Users/jinyi/anaconda3/envs/poker/bin/python2.7
ac_cv_path_SED=/usr/bin/sed
ac_cv_path_ac_pt_PKG_CONFIG=/opt/local/bin/pkg-config
ac_cv_path_install='/usr/bin/install -c'
ac_cv_prog_AWK=awk
ac_cv_prog_CPP='gcc -E'
ac_cv_prog_CXXCPP='g++ -E'
ac_cv_prog_ac_ct_AR=ar
ac_cv_prog_ac_ct_CC=gcc
ac_cv_prog_ac_ct_CXX=g++
ac_cv_prog_ac_ct_DSYMUTIL=dsymutil
ac_cv_prog_ac_ct_LIPO=lipo
ac_cv_prog_ac_ct_NMEDIT=nmedit
ac_cv_prog_ac_ct_OBJDUMP=objdump
ac_cv_prog_ac_ct_OTOOL=otool
ac_cv_prog_ac_ct_RANLIB=ranlib
ac_cv_prog_ac_ct_STRIP=strip
ac_cv_prog_cc_c89=
ac_cv_prog_cc_g=yes
ac_cv_prog_cxx_g=yes
ac_cv_prog_make_make_set=yes
ac_cv_safe_to_define___extensions__=yes
ac_cv_target=x86_64-apple-darwin17.7.0
am_cv_CC_dependencies_compiler_type=gcc3
am_cv_CXX_dependencies_compiler_type=gcc3
am_cv_make_support_nested_variables=yes
am_cv_prog_cc_c_o=yes
am_cv_python2_7_clibdir=/Users/jinyi/anaconda3/envs/poker/lib/python2.7/config
am_cv_python2_7_includedir=/Users/jinyi/anaconda3/envs/poker/include/python2.7
am_cv_python2_7_linkflags='-L/Users/jinyi/anaconda3/envs/poker/lib/python2.7/config -lpython2.7'
lt_cv_apple_cc_single_mod=yes
lt_cv_deplibs_check_method=pass_all
lt_cv_file_magic_cmd='$MAGIC_CMD'
lt_cv_file_magic_test_file=
lt_cv_ld_exported_symbols_list=yes
lt_cv_ld_reload_flag=-r
lt_cv_nm_interface='BSD nm'
lt_cv_objdir=.libs
lt_cv_path_LD=/Library/Developer/CommandLineTools/usr/bin/ld
lt_cv_path_LDCXX=/Library/Developer/CommandLineTools/usr/bin/ld
lt_cv_path_NM='/usr/bin/nm -B'
lt_cv_prog_compiler_c_o=yes
lt_cv_prog_compiler_c_o_CXX=yes
lt_cv_prog_compiler_pic_works=yes
lt_cv_prog_compiler_pic_works_CXX=yes
lt_cv_prog_compiler_rtti_exceptions=yes
lt_cv_prog_compiler_static_works=no
lt_cv_prog_compiler_static_works_CXX=no
lt_cv_prog_gnu_ld=no
lt_cv_prog_gnu_ldcxx=no
lt_cv_sys_global_symbol_pipe='sed -n -e '\''s/^.*[	 ]\([BCDEGRST][BCDEGRST]*\)[	 ][	 ]*_\([_A-Za-z][_A-Za-z0-9]*\)$/\1 _\2 \2/p'\'''
lt_cv_sys_global_symbol_to_c_name_address='sed -n -e '\''s/^: \([^ ]*\) $/  {\"\1\", (void *) 0},/p'\'' -e '\''s/^[BCDEGRST]* \([^ ]*\) \([^ ]*\)$/  {"\2", (void *) \&\2},/p'\'''
lt_cv_sys_global_symbol_to_c_name_address_lib_prefix='sed -n -e '\''s/^: \([^ ]*\) $/  {\"\1\", (void *) 0},/p'\'' -e '\''s/^[BCDEGRST]* \([^ ]*\) \(lib[^ ]*\)$/  {"\2", (void *) \&\2},/p'\'' -e '\''s/^[BCDEGRST]* \([^ ]*\) \([^ ]*\)$/  {"lib\2", (void *) \&\2},/p'\'''
lt_cv_sys_global_symbol_to_cdecl='sed -n -e '\''s/^T .* \(.*\)$/extern int \1();/p'\'' -e '\''s/^[BCDEGRST]* .* \(.*\)$/extern char \1;/p'\'''
lt_cv_sys_max_cmd_len=196608
pkg_cv_POKER_EVAL_CFLAGS=-I/usr/local/include/poker-eval
pkg_cv_POKER_EVAL_LIBS='-L/usr/local/lib -lpoker-eval'

## ----------------- ##
## Output variables. ##
## ----------------- ##

ACLOCAL='aclocal-1.16'
AMDEPBACKSLASH='\'
AMDEP_FALSE='#'
AMDEP_TRUE=''
AMTAR='$${TAR-tar}'
AM_BACKSLASH='\'
AM_DEFAULT_V='$(AM_DEFAULT_VERBOSITY)'
AM_DEFAULT_VERBOSITY='1'
AM_V='$(V)'
AR='ar'
AUTOCONF='autoconf'
AUTOHEADER='autoheader'
AUTOMAKE='automake-1.16'
AWK='awk'
CC='gcc'
CCDEPMODE='depmode=gcc3'
CFLAGS='-pipe -O3 -Wall -Wpointer-arith -Wstrict-prototypes'
CPP='gcc -E'
CPPFLAGS=''
CXX='g++'
CXXCPP='g++ -E'
CXXDEPMODE='depmode=gcc3'
CXXFLAGS='-g -O2'
CYGPATH_W='echo'
DEFS='-DPACKAGE_NAME=\"pypoker-eval\" -DPACKAGE_TARNAME=\"pypoker-eval\" -DPACKAGE_VERSION=\"138.0\" -DPACKAGE_STRING=\"pypoker-eval\ 138.0\" -DPACKAGE_BUGREPORT=\"\" -DPACKAGE_URL=\"\" -DPACKAGE=\"pypoker-eval\" -DVERSION=\"138.0\" -DSTDC_HEADERS=1 -DHAVE_SYS_TYPES_H=1 -DHAVE_SYS_STAT_H=1 -DHAVE_STDLIB_H=1 -DHAVE_STRING_H=1 -DHAVE_MEMORY_H=1 -DHAVE_STRINGS_H=1 -DHAVE_INTTYPES_H=1 -DHAVE_STDINT_H=1 -DHAVE_UNISTD_H=1 -D__EXTENSIONS__=1 -D_ALL_SOURCE=1 -D_GNU_SOURCE=1 -D_POSIX_PTHREAD_SEMANTICS=1 -D_TANDEM_SOURCE=1 -DHAVE_DLFCN_H=1 -DLT_OBJDIR=\".libs/\" -DHAVE_MEMSET=1'
DEPDIR='.deps'
DSYMUTIL='dsymutil'
DUMPBIN=''
ECHO_C='\c'
ECHO_N=''
ECHO_T=''
EGREP='/usr/bin/grep -E'
EXEEXT=''
FGREP='/usr/bin/grep -F'
GREP='/usr/bin/grep'
INSTALL_DATA='${INSTALL} -m 644'
INSTALL_PROGRAM='${INSTALL}'
INSTALL_SCRIPT='${INSTALL}'
INSTALL_STRIP_PROGRAM='$(install_sh) -c -s'
LD='/Library/Developer/CommandLineTools/usr/bin/ld'
LDFLAGS=''
LIBOBJS=''
LIBS=''
LIBTOOL='$(SHELL) $(top_builddir)/libtool'
LIPO='lipo'
LN_S='ln -s'
LTLIBOBJS=''
MAINT='#'
MAINTAINER_MODE_FALSE=''
MAINTAINER_MODE_TRUE='#'
MAKEINFO='makeinfo'
MKDIR_P='config/install-sh -c -d'
NM='/usr/bin/nm -B'
NMEDIT='nmedit'
OBJDUMP='objdump'
OBJEXT='o'
OTOOL64=':'
OTOOL='otool'
PACKAGE='pypoker-eval'
PACKAGE_BUGREPORT=''
PACKAGE_NAME='pypoker-eval'
PACKAGE_STRING='pypoker-eval 138.0'
PACKAGE_TARNAME='pypoker-eval'
PACKAGE_URL=''
PACKAGE_VERSION='138.0'
PATH_SEPARATOR=':'
PKG_CONFIG='/opt/local/bin/pkg-config'
PKG_CONFIG_LIBDIR=''
PKG_CONFIG_PATH='/Users/jinyi/Desktop/poker-eval-138.0'
POKER_EVAL_CFLAGS='-I/usr/local/include/poker-eval'
POKER_EVAL_LIBS='-L/usr/local/lib -lpoker-eval'
PYTHON2_3_CFLAGS=''
PYTHON2_3_LIBS=''
PYTHON2_4_CFLAGS=''
PYTHON2_4_LIBS=''
PYTHON2_6_CFLAGS=''
PYTHON2_6_LIBS=''
PYTHON2_7_CFLAGS='-I/Users/jinyi/anaconda3/envs/poker/include/python2.7'
PYTHON2_7_LIBS='-L/Users/jinyi/anaconda3/envs/poker/lib/python2.7/config -L/Users/jinyi/anaconda3/envs/poker/lib/python2.7/config -lpython2.7'
PYTHON='/Users/jinyi/anaconda3/envs/poker/bin/python2.7'
PYTHON_2_3_FALSE=''
PYTHON_2_3_TRUE='#'
PYTHON_2_4_FALSE=''
PYTHON_2_4_TRUE='#'
PYTHON_2_6_FALSE=''
PYTHON_2_6_TRUE='#'
PYTHON_2_7_FALSE='#'
PYTHON_2_7_TRUE=''
PYTHON_CFLAGS='-I/Users/jinyi/anaconda3/envs/poker/include/python2.7'
PYTHON_EXEC_PREFIX='${exec_prefix}'
PYTHON_LIBS='-L/Users/jinyi/anaconda3/envs/poker/lib/python2.7/config -L/Users/jinyi/anaconda3/envs/poker/lib/python2.7/config -lpython2.7'
PYTHON_PLATFORM='darwin'
PYTHON_PREFIX='${prefix}'
PYTHON_VERSION='2.7'
RANLIB='ranlib'
SED='/usr/bin/sed'
SET_MAKE=''
SHELL='/bin/sh'
STRIP='strip'
VERSION='138.0'
ac_ct_CC='gcc'
ac_ct_CXX='g++'
ac_ct_DUMPBIN=''
am__EXEEXT_FALSE=''
am__EXEEXT_TRUE='#'
am__fastdepCC_FALSE='#'
am__fastdepCC_TRUE=''
am__fastdepCXX_FALSE='#'
am__fastdepCXX_TRUE=''
am__include='include'
am__isrc=''
am__leading_dot='.'
am__nodep='_no'
am__quote=''
am__tar='$${TAR-tar} chof - "$$tardir"'
am__untar='$${TAR-tar} xf -'
bindir='${exec_prefix}/bin'
build='x86_64-apple-darwin17.7.0'
build_alias=''
build_cpu='x86_64'
build_os='darwin17.7.0'
build_vendor='apple'
datadir='${datarootdir}'
datarootdir='${prefix}/share'
docdir='${datarootdir}/doc/${PACKAGE_TARNAME}'
dvidir='${docdir}'
exec_prefix='/usr/local'
host='x86_64-apple-darwin17.7.0'
host_alias=''
host_cpu='x86_64'
host_os='darwin17.7.0'
host_vendor='apple'
htmldir='${docdir}'
includedir='${prefix}/include'
infodir='${datarootdir}/info'
install_sh='${SHELL} /Users/jinyi/Desktop/pypoker-eval-138.0/config/install-sh'
libdir='${exec_prefix}/lib'
libexecdir='${exec_prefix}/libexec'
localedir='${datarootdir}/locale'
localstatedir='${prefix}/var'
lt_ECHO='/bin/echo'
mandir='${datarootdir}/man'
mkdir_p='$(MKDIR_P)'
oldincludedir='/usr/include'
pdfdir='${docdir}'
pkgpy2_3execdir=''
pkgpy2_4execdir=''
pkgpy2_6execdir=''
pkgpy2_7execdir='/usr/local/lib/python2.7/site-packages/pypoker-eval'
pkgpyexecdir='${pyexecdir}/pypoker-eval'
pkgpythondir='${pythondir}/pypoker-eval'
prefix='/usr/local'
program_transform_name='s,x,x,'
psdir='${docdir}'
py2_3execdir=''
py2_4execdir=''
py2_6execdir=''
py2_7execdir='/usr/local/lib/python2.7/site-packages'
pyexecdir='${exec_prefix}/lib/python2.7/site-packages'
python2_3clibdir=''
python2_3includedir=''
python2_3linkflags=''
python2_4clibdir=''
python2_4includedir=''
python2_4linkflags=''
python2_6clibdir=''
python2_6includedir=''
python2_6linkflags=''
python2_7clibdir='/Users/jinyi/anaconda3/envs/poker/lib/python2.7/config'
python2_7includedir='/Users/jinyi/anaconda3/envs/poker/include/python2.7'
python2_7linkflags='-L/Users/jinyi/anaconda3/envs/poker/lib/python2.7/config -lpython2.7'
pythondir='${prefix}/lib/python2.7/site-packages'
sbindir='${exec_prefix}/sbin'
sharedstatedir='${prefix}/com'
sysconfdir='${prefix}/etc'
target='x86_64-apple-darwin17.7.0'
target_alias=''
target_cpu='x86_64'
target_os='darwin17.7.0'
target_vendor='apple'

## ----------- ##
## confdefs.h. ##
## ----------- ##

/* confdefs.h */
#define PACKAGE_NAME "pypoker-eval"
#define PACKAGE_TARNAME "pypoker-eval"
#define PACKAGE_VERSION "138.0"
#define PACKAGE_STRING "pypoker-eval 138.0"
#define PACKAGE_BUGREPORT ""
#define PACKAGE_URL ""
#define PACKAGE "pypoker-eval"
#define VERSION "138.0"
#define STDC_HEADERS 1
#define HAVE_SYS_TYPES_H 1
#define HAVE_SYS_STAT_H 1
#define HAVE_STDLIB_H 1
#define HAVE_STRING_H 1
#define HAVE_MEMORY_H 1
#define HAVE_STRINGS_H 1
#define HAVE_INTTYPES_H 1
#define HAVE_STDINT_H 1
#define HAVE_UNISTD_H 1
#define __EXTENSIONS__ 1
#define _ALL_SOURCE 1
#define _GNU_SOURCE 1
#define _POSIX_PTHREAD_SEMANTICS 1
#define _TANDEM_SOURCE 1
#define HAVE_DLFCN_H 1
#define LT_OBJDIR ".libs/"
#define HAVE_MEMSET 1

configure: exit 0
